2025-07-14 11:39:48,219 INFO :: --- START ---
2025-07-14 11:39:48,221 INFO :: Start preprocessing Data for Backtest from ..\data\raw_l2_snapshots.txt...
2025-07-14 11:39:48,490 INFO :: Preprocessing successfully finished, target file: ..\data\backtestData.csv
2025-07-14 11:39:48,490 INFO :: ..\data\backtestData.csv
2025-07-14 11:39:48,490 INFO :: Start strategy Backtesting...
2025-07-14 11:39:48,559 INFO :: Backtest is finished...
2025-07-14 11:39:48,559 INFO :: 

Backtest result:

Start                    : 2025-07-13 14:41:08.493000
End                      : 2025-07-13 14:46:06.992000
Duration                 : 0 days 00:04:58.499000
Exposure Time [%]        : 82.64463
Equity Final [$]         : 102087.3431
Equity Peak [$]          : 102215.6548
Commissions [$]          : 665.2069
Return [%]               : 2.08734
Buy & Hold Return [%]    : -4.03269
Return (Ann.) [%]        : 0.0
Volatility (Ann.) [%]    : nan
CAGR [%]                 : inf
Sharpe Ratio             : nan
Sortino Ratio            : nan
Calmar Ratio             : 0.0
Alpha [%]                : -0.45077
Beta                     : -0.62939
Max. Drawdown [%]        : -0.30351
Avg. Drawdown [%]        : -0.07513
Max. Drawdown Duration   : 0 days 00:01:12
Avg. Drawdown Duration   : 0 days 00:00:13.611000
# Trades                 : 2
Win Rate [%]             : 100.0
Best Trade [%]           : 1.97135
Worst Trade [%]          : 1.30277
Avg. Trade [%]           : 1.63651
Max. Trade Duration      : 0 days 00:02:21.499000
Avg. Trade Duration      : 0 days 00:02:02.999000
Profit Factor            : nan
Expectancy [%]           : 1.63706
SQN                      : 4.60639
Kelly Criterion          : nan
2025-07-14 11:39:48,561 INFO :: --- END ---
2025-07-14 11:56:51,623 INFO :: --- START ---
2025-07-14 11:56:51,624 INFO :: Start preprocessing Data for Backtest from ..\data\raw_l2_snapshots.txt...
2025-07-14 11:56:51,851 INFO :: Preprocessing successfully finished, target file: ..\data\backtestData.csv
2025-07-14 11:56:51,851 INFO :: ..\data\backtestData.csv
2025-07-14 11:56:51,853 INFO :: Start strategy Backtesting...
2025-07-14 11:56:51,916 INFO :: Backtest is finished...
2025-07-14 11:56:51,916 INFO :: 

Backtest result:

Start                    : 2025-07-13 14:41:08.493000
End                      : 2025-07-13 14:46:06.992000
Duration                 : 0 days 00:04:58.499000
Exposure Time [%]        : 82.64463
Equity Final [$]         : 102087.3431
Equity Peak [$]          : 102215.6548
Commissions [$]          : 665.2069
Return [%]               : 2.08734
Buy & Hold Return [%]    : -4.03269
Return (Ann.) [%]        : 0.0
Volatility (Ann.) [%]    : nan
CAGR [%]                 : inf
Sharpe Ratio             : nan
Sortino Ratio            : nan
Calmar Ratio             : 0.0
Alpha [%]                : -0.45077
Beta                     : -0.62939
Max. Drawdown [%]        : -0.30351
Avg. Drawdown [%]        : -0.07513
Max. Drawdown Duration   : 0 days 00:01:12
Avg. Drawdown Duration   : 0 days 00:00:13.611000
# Trades                 : 2
Win Rate [%]             : 100.0
Best Trade [%]           : 1.97135
Worst Trade [%]          : 1.30277
Avg. Trade [%]           : 1.63651
Max. Trade Duration      : 0 days 00:02:21.499000
Avg. Trade Duration      : 0 days 00:02:02.999000
Profit Factor            : nan
Expectancy [%]           : 1.63706
SQN                      : 4.60639
Kelly Criterion          : nan
2025-07-14 11:56:51,918 INFO :: --- END ---
